<?xml version="1.0" encoding="UTF-8" ?>
<testsuite errors="0" failures="0" hostname="DESKTOP-79UM434" name="com.khoabd.mathutil.core.test.MathUtilityTest" skipped="0" tests="2" time="0.079" timestamp="2023-02-16T06:30:54">
  <properties>
[...]
</properties>
  <testcase classname="com.khoabd.mathutil.core.test.MathUtilityTest" name="testFactorialGivenWrongArgumentThrowsException" time="0.007" />
  <testcase classname="com.khoabd.mathutil.core.test.MathUtilityTest" name="testFactorialGivenRightArgumentReturnWell" time="0.0" />
  <system-out><![CDATA[]]></system-out>
  <system-err><![CDATA[]]></system-err>
</testsuite>
